<?xml version="1.0" encoding="UTF-8"?>
<!-- Generated by org.testng.reporters.JUnitReportReporter -->
<testsuite hostname="Brians-MacBook-Air.local" failures="0" tests="2" name="APITests" time="1.103" errors="0" timestamp="2024-08-18T23:27:02 EAT" skipped="0">
  <testcase classname="APITests" name="test2" time="0.122"/>
  <testcase classname="APITests" name="test1" time="0.981"/>
</testsuite> <!-- APITests -->
